[debug] [2024-06-11T12:52:04.447Z] ----------------------------------------------------------------------
[debug] [2024-06-11T12:52:04.452Z] Command:       /Users/mac/.nvm/versions/node/v20.11.1/bin/node /Users/mac/.nvm/versions/node/v20.11.1/bin/firebase emulators:start
[debug] [2024-06-11T12:52:04.452Z] CLI Version:   13.11.2
[debug] [2024-06-11T12:52:04.452Z] Platform:      darwin
[debug] [2024-06-11T12:52:04.452Z] Node Version:  v20.11.1
[debug] [2024-06-11T12:52:04.452Z] Time:          Tue Jun 11 2024 13:52:04 GMT+0100 (West Africa Standard Time)
[debug] [2024-06-11T12:52:04.452Z] ----------------------------------------------------------------------
[debug] 
[debug] [2024-06-11T12:52:04.521Z] > command requires scopes: ["email","openid","https://www.googleapis.com/auth/cloudplatformprojects.readonly","https://www.googleapis.com/auth/firebase","https://www.googleapis.com/auth/cloud-platform"]
[debug] [2024-06-11T12:52:04.521Z] > authorizing via signed-in user (abdulsalamlukmon9@gmail.com)
[debug] [2024-06-11T12:52:04.654Z] openjdk version "11.0.23" 2024-04-16
[debug] [2024-06-11T12:52:04.655Z] 
OpenJDK Runtime Environment Homebrew (build 11.0.23+0)
OpenJDK 64-Bit Server VM Homebrew (build 11.0.23+0, mixed mode)

[debug] [2024-06-11T12:52:04.657Z] Parsed Java major version: 11
[info] i  emulators: Starting emulators: auth, firestore {"metadata":{"emulator":{"name":"hub"},"message":"Starting emulators: auth, firestore"}}
[debug] [2024-06-11T12:52:04.812Z] [logging] Logging Emulator only supports listening on one address (127.0.0.1). Not listening on ::1
[debug] [2024-06-11T12:52:04.812Z] [auth] Authentication Emulator only supports listening on one address (127.0.0.1). Not listening on ::1
[debug] [2024-06-11T12:52:04.812Z] [firestore] Firestore Emulator only supports listening on one address (127.0.0.1). Not listening on ::1
[debug] [2024-06-11T12:52:04.812Z] [firestore.websocket] websocket server for firestore only supports listening on one address (127.0.0.1). Not listening on ::1
[debug] [2024-06-11T12:52:04.813Z] assigned listening specs for emulators {"user":{"hub":[{"address":"127.0.0.1","family":"IPv4","port":4400},{"address":"::1","family":"IPv6","port":4400}],"ui":[{"address":"127.0.0.1","family":"IPv4","port":4000},{"address":"::1","family":"IPv6","port":4000}],"logging":[{"address":"127.0.0.1","family":"IPv4","port":4500}],"auth":[{"address":"127.0.0.1","family":"IPv4","port":9099}],"firestore":[{"address":"127.0.0.1","family":"IPv4","port":8080}],"firestore.websocket":[{"address":"127.0.0.1","family":"IPv4","port":9150}]},"metadata":{"message":"assigned listening specs for emulators"}}
[debug] [2024-06-11T12:52:04.816Z] [hub] writing locator at /var/folders/kv/q96jbcnj1bx_lr15fhbwrwp40000gn/T/hub-new-branda.json
[debug] [2024-06-11T12:52:04.819Z] Ignoring unsupported arg: auto_download {"metadata":{"emulator":{"name":"firestore"},"message":"Ignoring unsupported arg: auto_download"}}
[debug] [2024-06-11T12:52:04.819Z] Ignoring unsupported arg: single_project_mode_error {"metadata":{"emulator":{"name":"firestore"},"message":"Ignoring unsupported arg: single_project_mode_error"}}
[debug] [2024-06-11T12:52:04.819Z] Starting Firestore Emulator with command {"binary":"java","args":["-Dgoogle.cloud_firestore.debug_log_level=FINE","-Duser.language=en","-jar","/Users/mac/.cache/firebase/emulators/cloud-firestore-emulator-v1.19.7.jar","--host","127.0.0.1","--port",8080,"--websocket_port",9150,"--project_id","new-branda","--rules","/Users/mac/Desktop/devprojects/playground/branda-server/firestore.rules","--single_project_mode",true],"optionalArgs":["port","webchannel_port","host","rules","websocket_port","functions_emulator","seed_from_export","project_id","single_project_mode"],"joinArgs":false,"shell":false} {"metadata":{"emulator":{"name":"firestore"},"message":"Starting Firestore Emulator with command {\"binary\":\"java\",\"args\":[\"-Dgoogle.cloud_firestore.debug_log_level=FINE\",\"-Duser.language=en\",\"-jar\",\"/Users/mac/.cache/firebase/emulators/cloud-firestore-emulator-v1.19.7.jar\",\"--host\",\"127.0.0.1\",\"--port\",8080,\"--websocket_port\",9150,\"--project_id\",\"new-branda\",\"--rules\",\"/Users/mac/Desktop/devprojects/playground/branda-server/firestore.rules\",\"--single_project_mode\",true],\"optionalArgs\":[\"port\",\"webchannel_port\",\"host\",\"rules\",\"websocket_port\",\"functions_emulator\",\"seed_from_export\",\"project_id\",\"single_project_mode\"],\"joinArgs\":false,\"shell\":false}"}}
[info] i  firestore: Firestore Emulator logging to firestore-debug.log {"metadata":{"emulator":{"name":"firestore"},"message":"Firestore Emulator logging to \u001b[1mfirestore-debug.log\u001b[22m"}}
[debug] [2024-06-11T12:52:05.495Z] Jun 11, 2024 1:52:05 PM com.google.cloud.datastore.emulator.firestore.websocket.WebSocketServer start
INFO: Started WebSocket server on ws://127.0.0.1:9150
 {"metadata":{"emulator":{"name":"firestore"},"message":"Jun 11, 2024 1:52:05 PM com.google.cloud.datastore.emulator.firestore.websocket.WebSocketServer start\nINFO: Started WebSocket server on ws://127.0.0.1:9150\n"}}
[debug] [2024-06-11T12:52:05.504Z] API endpoint: http:// {"metadata":{"emulator":{"name":"firestore"},"message":"API endpoint: http://"}}
[debug] [2024-06-11T12:52:05.504Z] 127.0.0.1:8080
If you are using a library that supports the FIRESTORE_EMULATOR_HOST environment variable, run:

   export FIRESTORE_EMULATOR_HOST=127.0.0.1:8080

If you are running a Firestore in Datastore Mode project, run:

   export DATASTORE_EMULATOR_HOST=127.0.0.1:8080

Note: Support for Datastore Mode is in preview. If you encounter any bugs please file at https://github.com/firebase/firebase-tools/issues.
Dev App Server is now running.

 {"metadata":{"emulator":{"name":"firestore"},"message":"127.0.0.1:8080\nIf you are using a library that supports the FIRESTORE_EMULATOR_HOST environment variable, run:\n\n   export FIRESTORE_EMULATOR_HOST=127.0.0.1:8080\n\nIf you are running a Firestore in Datastore Mode project, run:\n\n   export DATASTORE_EMULATOR_HOST=127.0.0.1:8080\n\nNote: Support for Datastore Mode is in preview. If you encounter any bugs please file at https://github.com/firebase/firebase-tools/issues.\nDev App Server is now running.\n\n"}}
[info] ✔  firestore: Firestore Emulator UI websocket is running on 9150. {"metadata":{"emulator":{"name":"firestore"},"message":"Firestore Emulator UI websocket is running on 9150."}}
[info] i  ui: downloading ui-v1.12.1.zip... {"metadata":{"emulator":{"name":"ui"},"message":"downloading ui-v1.12.1.zip..."}}
[debug] [2024-06-11T12:52:08.181Z] >>> [apiv2][query] GET https://storage.googleapis.com/firebase-preview-drop/emulator/ui-v1.12.1.zip 
[debug] [2024-06-11T12:52:12.181Z] <<< [apiv2][status] GET https://storage.googleapis.com/firebase-preview-drop/emulator/ui-v1.12.1.zip 200
[debug] [2024-06-11T12:52:12.182Z] <<< [apiv2][body] GET https://storage.googleapis.com/firebase-preview-drop/emulator/ui-v1.12.1.zip [stream]
[debug] [2024-06-11T12:52:26.047Z] Data is 3498269
[debug] [2024-06-11T12:52:26.047Z] [unzip] Entry: client/ (compressed_size=0 bytes, uncompressed_size=0 bytes)
[debug] [2024-06-11T12:52:26.048Z] [unzip] Processing entry: client/
[debug] [2024-06-11T12:52:26.048Z] [unzip] mkdir: /Users/mac/.cache/firebase/emulators/ui-v1.12.1/client/
[debug] [2024-06-11T12:52:26.048Z] [unzip] Entry: client/favicon.ico (compressed_size=2933 bytes, uncompressed_size=13294 bytes)
[debug] [2024-06-11T12:52:26.048Z] [unzip] Processing entry: client/favicon.ico
[debug] [2024-06-11T12:52:26.048Z] [unzip] else mkdir: /Users/mac/.cache/firebase/emulators/ui-v1.12.1/client
[debug] [2024-06-11T12:52:26.048Z] [unzip] deflating: /Users/mac/.cache/firebase/emulators/ui-v1.12.1/client/favicon.ico
[debug] [2024-06-11T12:52:26.052Z] [unzip] Entry: client/mstile-150x150.png (compressed_size=2034 bytes, uncompressed_size=2034 bytes)
[debug] [2024-06-11T12:52:26.052Z] [unzip] Processing entry: client/mstile-150x150.png
[debug] [2024-06-11T12:52:26.052Z] [unzip] else mkdir: /Users/mac/.cache/firebase/emulators/ui-v1.12.1/client
[debug] [2024-06-11T12:52:26.053Z] [unzip] Writing file: /Users/mac/.cache/firebase/emulators/ui-v1.12.1/client/mstile-150x150.png
[debug] [2024-06-11T12:52:26.053Z] [unzip] Entry: client/favicon-16x16.png (compressed_size=293 bytes, uncompressed_size=293 bytes)
[debug] [2024-06-11T12:52:26.053Z] [unzip] Processing entry: client/favicon-16x16.png
[debug] [2024-06-11T12:52:26.053Z] [unzip] else mkdir: /Users/mac/.cache/firebase/emulators/ui-v1.12.1/client
[debug] [2024-06-11T12:52:26.053Z] [unzip] Writing file: /Users/mac/.cache/firebase/emulators/ui-v1.12.1/client/favicon-16x16.png
[debug] [2024-06-11T12:52:26.053Z] [unzip] Entry: client/favicon-32x32.png (compressed_size=475 bytes, uncompressed_size=475 bytes)
[debug] [2024-06-11T12:52:26.054Z] [unzip] Processing entry: client/favicon-32x32.png
[debug] [2024-06-11T12:52:26.054Z] [unzip] else mkdir: /Users/mac/.cache/firebase/emulators/ui-v1.12.1/client
[debug] [2024-06-11T12:52:26.054Z] [unzip] Writing file: /Users/mac/.cache/firebase/emulators/ui-v1.12.1/client/favicon-32x32.png
[debug] [2024-06-11T12:52:26.054Z] [unzip] Entry: client/manifest.json (compressed_size=245 bytes, uncompressed_size=551 bytes)
[debug] [2024-06-11T12:52:26.054Z] [unzip] Processing entry: client/manifest.json
[debug] [2024-06-11T12:52:26.054Z] [unzip] else mkdir: /Users/mac/.cache/firebase/emulators/ui-v1.12.1/client
[debug] [2024-06-11T12:52:26.054Z] [unzip] deflating: /Users/mac/.cache/firebase/emulators/ui-v1.12.1/client/manifest.json
[debug] [2024-06-11T12:52:26.055Z] [unzip] Entry: client/index.html (compressed_size=1365 bytes, uncompressed_size=3071 bytes)
[debug] [2024-06-11T12:52:26.055Z] [unzip] Processing entry: client/index.html
[debug] [2024-06-11T12:52:26.055Z] [unzip] else mkdir: /Users/mac/.cache/firebase/emulators/ui-v1.12.1/client
[debug] [2024-06-11T12:52:26.055Z] [unzip] deflating: /Users/mac/.cache/firebase/emulators/ui-v1.12.1/client/index.html
[debug] [2024-06-11T12:52:26.056Z] [unzip] Entry: client/robots.txt (compressed_size=26 bytes, uncompressed_size=26 bytes)
[debug] [2024-06-11T12:52:26.056Z] [unzip] Processing entry: client/robots.txt
[debug] [2024-06-11T12:52:26.056Z] [unzip] else mkdir: /Users/mac/.cache/firebase/emulators/ui-v1.12.1/client
[debug] [2024-06-11T12:52:26.056Z] [unzip] Writing file: /Users/mac/.cache/firebase/emulators/ui-v1.12.1/client/robots.txt
[debug] [2024-06-11T12:52:26.056Z] [unzip] Entry: client/android-chrome-512x512.png (compressed_size=5369 bytes, uncompressed_size=5411 bytes)
[debug] [2024-06-11T12:52:26.056Z] [unzip] Processing entry: client/android-chrome-512x512.png
[debug] [2024-06-11T12:52:26.056Z] [unzip] else mkdir: /Users/mac/.cache/firebase/emulators/ui-v1.12.1/client
[debug] [2024-06-11T12:52:26.056Z] [unzip] deflating: /Users/mac/.cache/firebase/emulators/ui-v1.12.1/client/android-chrome-512x512.png
[debug] [2024-06-11T12:52:26.057Z] [unzip] Entry: client/assets/ (compressed_size=0 bytes, uncompressed_size=0 bytes)
[debug] [2024-06-11T12:52:26.057Z] [unzip] Processing entry: client/assets/
[debug] [2024-06-11T12:52:26.057Z] [unzip] mkdir: /Users/mac/.cache/firebase/emulators/ui-v1.12.1/client/assets/
[debug] [2024-06-11T12:52:26.057Z] [unzip] Entry: client/assets/img/ (compressed_size=0 bytes, uncompressed_size=0 bytes)
[debug] [2024-06-11T12:52:26.057Z] [unzip] Processing entry: client/assets/img/
[debug] [2024-06-11T12:52:26.057Z] [unzip] mkdir: /Users/mac/.cache/firebase/emulators/ui-v1.12.1/client/assets/img/
[debug] [2024-06-11T12:52:26.057Z] [unzip] Entry: client/assets/img/database.png (compressed_size=29449 bytes, uncompressed_size=29988 bytes)
[debug] [2024-06-11T12:52:26.057Z] [unzip] Processing entry: client/assets/img/database.png
[debug] [2024-06-11T12:52:26.057Z] [unzip] else mkdir: /Users/mac/.cache/firebase/emulators/ui-v1.12.1/client/assets/img
[debug] [2024-06-11T12:52:26.057Z] [unzip] deflating: /Users/mac/.cache/firebase/emulators/ui-v1.12.1/client/assets/img/database.png
[debug] [2024-06-11T12:52:26.058Z] [unzip] Entry: client/assets/provider-icons/ (compressed_size=0 bytes, uncompressed_size=0 bytes)
[debug] [2024-06-11T12:52:26.058Z] [unzip] Processing entry: client/assets/provider-icons/
[debug] [2024-06-11T12:52:26.058Z] [unzip] mkdir: /Users/mac/.cache/firebase/emulators/ui-v1.12.1/client/assets/provider-icons/
[debug] [2024-06-11T12:52:26.058Z] [unzip] Entry: client/assets/provider-icons/auth_service_play_games.svg (compressed_size=565 bytes, uncompressed_size=1173 bytes)
[debug] [2024-06-11T12:52:26.058Z] [unzip] Processing entry: client/assets/provider-icons/auth_service_play_games.svg
[debug] [2024-06-11T12:52:26.058Z] [unzip] else mkdir: /Users/mac/.cache/firebase/emulators/ui-v1.12.1/client/assets/provider-icons
[debug] [2024-06-11T12:52:26.058Z] [unzip] deflating: /Users/mac/.cache/firebase/emulators/ui-v1.12.1/client/assets/provider-icons/auth_service_play_games.svg
[debug] [2024-06-11T12:52:26.059Z] [unzip] Entry: client/assets/provider-icons/auth_service_game_center.svg (compressed_size=991 bytes, uncompressed_size=3921 bytes)
[debug] [2024-06-11T12:52:26.059Z] [unzip] Processing entry: client/assets/provider-icons/auth_service_game_center.svg
[debug] [2024-06-11T12:52:26.059Z] [unzip] else mkdir: /Users/mac/.cache/firebase/emulators/ui-v1.12.1/client/assets/provider-icons
[debug] [2024-06-11T12:52:26.059Z] [unzip] deflating: /Users/mac/.cache/firebase/emulators/ui-v1.12.1/client/assets/provider-icons/auth_service_game_center.svg
[debug] [2024-06-11T12:52:26.060Z] [unzip] Entry: client/assets/provider-icons/auth_service_google.svg (compressed_size=409 bytes, uncompressed_size=720 bytes)
[debug] [2024-06-11T12:52:26.060Z] [unzip] Processing entry: client/assets/provider-icons/auth_service_google.svg
[debug] [2024-06-11T12:52:26.060Z] [unzip] else mkdir: /Users/mac/.cache/firebase/emulators/ui-v1.12.1/client/assets/provider-icons
[debug] [2024-06-11T12:52:26.060Z] [unzip] deflating: /Users/mac/.cache/firebase/emulators/ui-v1.12.1/client/assets/provider-icons/auth_service_google.svg
[debug] [2024-06-11T12:52:26.060Z] [unzip] Entry: client/assets/provider-icons/auth_service_yahoo.svg (compressed_size=577 bytes, uncompressed_size=1182 bytes)
[debug] [2024-06-11T12:52:26.060Z] [unzip] Processing entry: client/assets/provider-icons/auth_service_yahoo.svg
[debug] [2024-06-11T12:52:26.060Z] [unzip] else mkdir: /Users/mac/.cache/firebase/emulators/ui-v1.12.1/client/assets/provider-icons
[debug] [2024-06-11T12:52:26.060Z] [unzip] deflating: /Users/mac/.cache/firebase/emulators/ui-v1.12.1/client/assets/provider-icons/auth_service_yahoo.svg
[debug] [2024-06-11T12:52:26.061Z] [unzip] Entry: client/assets/provider-icons/auth_service_email.svg (compressed_size=228 bytes, uncompressed_size=326 bytes)
[debug] [2024-06-11T12:52:26.061Z] [unzip] Processing entry: client/assets/provider-icons/auth_service_email.svg
[debug] [2024-06-11T12:52:26.061Z] [unzip] else mkdir: /Users/mac/.cache/firebase/emulators/ui-v1.12.1/client/assets/provider-icons
[debug] [2024-06-11T12:52:26.061Z] [unzip] deflating: /Users/mac/.cache/firebase/emulators/ui-v1.12.1/client/assets/provider-icons/auth_service_email.svg
[debug] [2024-06-11T12:52:26.062Z] [unzip] Entry: client/assets/provider-icons/auth_service_saml.svg (compressed_size=575 bytes, uncompressed_size=1226 bytes)
[debug] [2024-06-11T12:52:26.062Z] [unzip] Processing entry: client/assets/provider-icons/auth_service_saml.svg
[debug] [2024-06-11T12:52:26.062Z] [unzip] else mkdir: /Users/mac/.cache/firebase/emulators/ui-v1.12.1/client/assets/provider-icons
[debug] [2024-06-11T12:52:26.062Z] [unzip] deflating: /Users/mac/.cache/firebase/emulators/ui-v1.12.1/client/assets/provider-icons/auth_service_saml.svg
[debug] [2024-06-11T12:52:26.062Z] [unzip] Entry: client/assets/provider-icons/auth_service_oidc.svg (compressed_size=414 bytes, uncompressed_size=858 bytes)
[debug] [2024-06-11T12:52:26.062Z] [unzip] Processing entry: client/assets/provider-icons/auth_service_oidc.svg
[debug] [2024-06-11T12:52:26.062Z] [unzip] else mkdir: /Users/mac/.cache/firebase/emulators/ui-v1.12.1/client/assets/provider-icons
[debug] [2024-06-11T12:52:26.062Z] [unzip] deflating: /Users/mac/.cache/firebase/emulators/ui-v1.12.1/client/assets/provider-icons/auth_service_oidc.svg
[debug] [2024-06-11T12:52:26.063Z] [unzip] Entry: client/assets/provider-icons/auth_service_facebook.svg (compressed_size=289 bytes, uncompressed_size=457 bytes)
[debug] [2024-06-11T12:52:26.063Z] [unzip] Processing entry: client/assets/provider-icons/auth_service_facebook.svg
[debug] [2024-06-11T12:52:26.063Z] [unzip] else mkdir: /Users/mac/.cache/firebase/emulators/ui-v1.12.1/client/assets/provider-icons
[debug] [2024-06-11T12:52:26.063Z] [unzip] deflating: /Users/mac/.cache/firebase/emulators/ui-v1.12.1/client/assets/provider-icons/auth_service_facebook.svg
[debug] [2024-06-11T12:52:26.063Z] [unzip] Entry: client/assets/provider-icons/auth_service_github.svg (compressed_size=466 bytes, uncompressed_size=838 bytes)
[debug] [2024-06-11T12:52:26.063Z] [unzip] Processing entry: client/assets/provider-icons/auth_service_github.svg
[debug] [2024-06-11T12:52:26.063Z] [unzip] else mkdir: /Users/mac/.cache/firebase/emulators/ui-v1.12.1/client/assets/provider-icons
[debug] [2024-06-11T12:52:26.063Z] [unzip] deflating: /Users/mac/.cache/firebase/emulators/ui-v1.12.1/client/assets/provider-icons/auth_service_github.svg
[debug] [2024-06-11T12:52:26.064Z] [unzip] Entry: client/assets/provider-icons/auth_service_phone.svg (compressed_size=261 bytes, uncompressed_size=414 bytes)
[debug] [2024-06-11T12:52:26.064Z] [unzip] Processing entry: client/assets/provider-icons/auth_service_phone.svg
[debug] [2024-06-11T12:52:26.064Z] [unzip] else mkdir: /Users/mac/.cache/firebase/emulators/ui-v1.12.1/client/assets/provider-icons
[debug] [2024-06-11T12:52:26.064Z] [unzip] deflating: /Users/mac/.cache/firebase/emulators/ui-v1.12.1/client/assets/provider-icons/auth_service_phone.svg
[debug] [2024-06-11T12:52:26.064Z] [unzip] Entry: client/assets/provider-icons/auth_service_apple.svg (compressed_size=230 bytes, uncompressed_size=334 bytes)
[debug] [2024-06-11T12:52:26.064Z] [unzip] Processing entry: client/assets/provider-icons/auth_service_apple.svg
[debug] [2024-06-11T12:52:26.064Z] [unzip] else mkdir: /Users/mac/.cache/firebase/emulators/ui-v1.12.1/client/assets/provider-icons
[debug] [2024-06-11T12:52:26.064Z] [unzip] deflating: /Users/mac/.cache/firebase/emulators/ui-v1.12.1/client/assets/provider-icons/auth_service_apple.svg
[debug] [2024-06-11T12:52:26.064Z] [unzip] Entry: client/assets/provider-icons/auth_service_twitter.svg (compressed_size=444 bytes, uncompressed_size=751 bytes)
[debug] [2024-06-11T12:52:26.064Z] [unzip] Processing entry: client/assets/provider-icons/auth_service_twitter.svg
[debug] [2024-06-11T12:52:26.064Z] [unzip] else mkdir: /Users/mac/.cache/firebase/emulators/ui-v1.12.1/client/assets/provider-icons
[debug] [2024-06-11T12:52:26.064Z] [unzip] deflating: /Users/mac/.cache/firebase/emulators/ui-v1.12.1/client/assets/provider-icons/auth_service_twitter.svg
[debug] [2024-06-11T12:52:26.065Z] [unzip] Entry: client/assets/provider-icons/auth_service_mslive.svg (compressed_size=203 bytes, uncompressed_size=378 bytes)
[debug] [2024-06-11T12:52:26.065Z] [unzip] Processing entry: client/assets/provider-icons/auth_service_mslive.svg
[debug] [2024-06-11T12:52:26.065Z] [unzip] else mkdir: /Users/mac/.cache/firebase/emulators/ui-v1.12.1/client/assets/provider-icons
[debug] [2024-06-11T12:52:26.065Z] [unzip] deflating: /Users/mac/.cache/firebase/emulators/ui-v1.12.1/client/assets/provider-icons/auth_service_mslive.svg
[debug] [2024-06-11T12:52:26.065Z] [unzip] Entry: client/assets/extensions/ (compressed_size=0 bytes, uncompressed_size=0 bytes)
[debug] [2024-06-11T12:52:26.065Z] [unzip] Processing entry: client/assets/extensions/
[debug] [2024-06-11T12:52:26.065Z] [unzip] mkdir: /Users/mac/.cache/firebase/emulators/ui-v1.12.1/client/assets/extensions/
[debug] [2024-06-11T12:52:26.065Z] [unzip] Entry: client/assets/extensions/default-extension.png (compressed_size=1646 bytes, uncompressed_size=1657 bytes)
[debug] [2024-06-11T12:52:26.065Z] [unzip] Processing entry: client/assets/extensions/default-extension.png
[debug] [2024-06-11T12:52:26.065Z] [unzip] else mkdir: /Users/mac/.cache/firebase/emulators/ui-v1.12.1/client/assets/extensions
[debug] [2024-06-11T12:52:26.065Z] [unzip] deflating: /Users/mac/.cache/firebase/emulators/ui-v1.12.1/client/assets/extensions/default-extension.png
[debug] [2024-06-11T12:52:26.065Z] [unzip] Entry: client/assets/index-Cj5I7867.css (compressed_size=35786 bytes, uncompressed_size=297937 bytes)
[debug] [2024-06-11T12:52:26.065Z] [unzip] Processing entry: client/assets/index-Cj5I7867.css
[debug] [2024-06-11T12:52:26.066Z] [unzip] else mkdir: /Users/mac/.cache/firebase/emulators/ui-v1.12.1/client/assets
[debug] [2024-06-11T12:52:26.066Z] [unzip] deflating: /Users/mac/.cache/firebase/emulators/ui-v1.12.1/client/assets/index-Cj5I7867.css
[debug] [2024-06-11T12:52:26.067Z] [unzip] Entry: client/assets/index-JXEx31eZ.js (compressed_size=563896 bytes, uncompressed_size=2020866 bytes)
[debug] [2024-06-11T12:52:26.067Z] [unzip] Processing entry: client/assets/index-JXEx31eZ.js
[debug] [2024-06-11T12:52:26.067Z] [unzip] else mkdir: /Users/mac/.cache/firebase/emulators/ui-v1.12.1/client/assets
[debug] [2024-06-11T12:52:26.067Z] [unzip] deflating: /Users/mac/.cache/firebase/emulators/ui-v1.12.1/client/assets/index-JXEx31eZ.js
[debug] [2024-06-11T12:52:26.074Z] [unzip] Entry: client/assets/index-JXEx31eZ.js.map (compressed_size=2229196 bytes, uncompressed_size=9596104 bytes)
[debug] [2024-06-11T12:52:26.074Z] [unzip] Processing entry: client/assets/index-JXEx31eZ.js.map
[debug] [2024-06-11T12:52:26.074Z] [unzip] else mkdir: /Users/mac/.cache/firebase/emulators/ui-v1.12.1/client/assets
[debug] [2024-06-11T12:52:26.074Z] [unzip] deflating: /Users/mac/.cache/firebase/emulators/ui-v1.12.1/client/assets/index-JXEx31eZ.js.map
[debug] [2024-06-11T12:52:26.107Z] [unzip] Entry: client/safari-pinned-tab.svg (compressed_size=1433 bytes, uncompressed_size=2611 bytes)
[debug] [2024-06-11T12:52:26.107Z] [unzip] Processing entry: client/safari-pinned-tab.svg
[debug] [2024-06-11T12:52:26.107Z] [unzip] else mkdir: /Users/mac/.cache/firebase/emulators/ui-v1.12.1/client
[debug] [2024-06-11T12:52:26.107Z] [unzip] deflating: /Users/mac/.cache/firebase/emulators/ui-v1.12.1/client/safari-pinned-tab.svg
[debug] [2024-06-11T12:52:26.108Z] [unzip] Entry: client/browserconfig.xml (compressed_size=491 bytes, uncompressed_size=822 bytes)
[debug] [2024-06-11T12:52:26.108Z] [unzip] Processing entry: client/browserconfig.xml
[debug] [2024-06-11T12:52:26.108Z] [unzip] else mkdir: /Users/mac/.cache/firebase/emulators/ui-v1.12.1/client
[debug] [2024-06-11T12:52:26.108Z] [unzip] deflating: /Users/mac/.cache/firebase/emulators/ui-v1.12.1/client/browserconfig.xml
[debug] [2024-06-11T12:52:26.108Z] [unzip] Entry: client/android-chrome-192x192.png (compressed_size=2684 bytes, uncompressed_size=2684 bytes)
[debug] [2024-06-11T12:52:26.108Z] [unzip] Processing entry: client/android-chrome-192x192.png
[debug] [2024-06-11T12:52:26.108Z] [unzip] else mkdir: /Users/mac/.cache/firebase/emulators/ui-v1.12.1/client
[debug] [2024-06-11T12:52:26.108Z] [unzip] Writing file: /Users/mac/.cache/firebase/emulators/ui-v1.12.1/client/android-chrome-192x192.png
[debug] [2024-06-11T12:52:26.108Z] [unzip] Entry: client/apple-touch-icon.png (compressed_size=2123 bytes, uncompressed_size=2152 bytes)
[debug] [2024-06-11T12:52:26.108Z] [unzip] Processing entry: client/apple-touch-icon.png
[debug] [2024-06-11T12:52:26.108Z] [unzip] else mkdir: /Users/mac/.cache/firebase/emulators/ui-v1.12.1/client
[debug] [2024-06-11T12:52:26.108Z] [unzip] deflating: /Users/mac/.cache/firebase/emulators/ui-v1.12.1/client/apple-touch-icon.png
[debug] [2024-06-11T12:52:26.108Z] [unzip] Entry: server/ (compressed_size=0 bytes, uncompressed_size=0 bytes)
[debug] [2024-06-11T12:52:26.108Z] [unzip] Processing entry: server/
[debug] [2024-06-11T12:52:26.108Z] [unzip] mkdir: /Users/mac/.cache/firebase/emulators/ui-v1.12.1/server/
[debug] [2024-06-11T12:52:26.108Z] [unzip] Entry: server/server.mjs.map (compressed_size=286219 bytes, uncompressed_size=1310517 bytes)
[debug] [2024-06-11T12:52:26.108Z] [unzip] Processing entry: server/server.mjs.map
[debug] [2024-06-11T12:52:26.108Z] [unzip] else mkdir: /Users/mac/.cache/firebase/emulators/ui-v1.12.1/server
[debug] [2024-06-11T12:52:26.108Z] [unzip] deflating: /Users/mac/.cache/firebase/emulators/ui-v1.12.1/server/server.mjs.map
[debug] [2024-06-11T12:52:26.111Z] [unzip] Entry: server/assets/ (compressed_size=0 bytes, uncompressed_size=0 bytes)
[debug] [2024-06-11T12:52:26.111Z] [unzip] Processing entry: server/assets/
[debug] [2024-06-11T12:52:26.111Z] [unzip] mkdir: /Users/mac/.cache/firebase/emulators/ui-v1.12.1/server/assets/
[debug] [2024-06-11T12:52:26.111Z] [unzip] Entry: server/assets/multipart-parser-n20ATYm_.mjs.map (compressed_size=4790 bytes, uncompressed_size=17920 bytes)
[debug] [2024-06-11T12:52:26.111Z] [unzip] Processing entry: server/assets/multipart-parser-n20ATYm_.mjs.map
[debug] [2024-06-11T12:52:26.111Z] [unzip] else mkdir: /Users/mac/.cache/firebase/emulators/ui-v1.12.1/server/assets
[debug] [2024-06-11T12:52:26.111Z] [unzip] deflating: /Users/mac/.cache/firebase/emulators/ui-v1.12.1/server/assets/multipart-parser-n20ATYm_.mjs.map
[debug] [2024-06-11T12:52:26.111Z] [unzip] Entry: server/assets/multipart-parser-n20ATYm_.mjs (compressed_size=2625 bytes, uncompressed_size=10428 bytes)
[debug] [2024-06-11T12:52:26.111Z] [unzip] Processing entry: server/assets/multipart-parser-n20ATYm_.mjs
[debug] [2024-06-11T12:52:26.111Z] [unzip] else mkdir: /Users/mac/.cache/firebase/emulators/ui-v1.12.1/server/assets
[debug] [2024-06-11T12:52:26.112Z] [unzip] deflating: /Users/mac/.cache/firebase/emulators/ui-v1.12.1/server/assets/multipart-parser-n20ATYm_.mjs
[debug] [2024-06-11T12:52:26.112Z] [unzip] Entry: server/server.mjs (compressed_size=311497 bytes, uncompressed_size=1147307 bytes)
[debug] [2024-06-11T12:52:26.112Z] [unzip] Processing entry: server/server.mjs
[debug] [2024-06-11T12:52:26.112Z] [unzip] else mkdir: /Users/mac/.cache/firebase/emulators/ui-v1.12.1/server
[debug] [2024-06-11T12:52:26.112Z] [unzip] deflating: /Users/mac/.cache/firebase/emulators/ui-v1.12.1/server/server.mjs
[debug] [2024-06-11T12:52:26.115Z] Ignoring unsupported arg: auto_download {"metadata":{"emulator":{"name":"ui"},"message":"Ignoring unsupported arg: auto_download"}}
[debug] [2024-06-11T12:52:26.115Z] Ignoring unsupported arg: port {"metadata":{"emulator":{"name":"ui"},"message":"Ignoring unsupported arg: port"}}
[debug] [2024-06-11T12:52:26.115Z] Starting Emulator UI with command {"binary":"node","args":["/Users/mac/.cache/firebase/emulators/ui-v1.12.1/server/server.mjs"],"optionalArgs":[],"joinArgs":false,"shell":false} {"metadata":{"emulator":{"name":"ui"},"message":"Starting Emulator UI with command {\"binary\":\"node\",\"args\":[\"/Users/mac/.cache/firebase/emulators/ui-v1.12.1/server/server.mjs\"],\"optionalArgs\":[],\"joinArgs\":false,\"shell\":false}"}}
[info] i  ui: Emulator UI logging to ui-debug.log {"metadata":{"emulator":{"name":"ui"},"message":"Emulator UI logging to \u001b[1mui-debug.log\u001b[22m"}}
[debug] [2024-06-11T12:52:26.177Z] Web / API server started at 127.0.0.1:4000
 {"metadata":{"emulator":{"name":"ui"},"message":"Web / API server started at 127.0.0.1:4000\n"}}
[debug] [2024-06-11T12:52:26.177Z] Web / API server started at ::1:4000
 {"metadata":{"emulator":{"name":"ui"},"message":"Web / API server started at ::1:4000\n"}}
[info] 
┌─────────────────────────────────────────────────────────────┐
│ ✔  All emulators ready! It is now safe to connect your app. │
│ i  View Emulator UI at http://127.0.0.1:4000/               │
└─────────────────────────────────────────────────────────────┘

┌────────────────┬────────────────┬─────────────────────────────────┐
│ Emulator       │ Host:Port      │ View in Emulator UI             │
├────────────────┼────────────────┼─────────────────────────────────┤
│ Authentication │ 127.0.0.1:9099 │ http://127.0.0.1:4000/auth      │
├────────────────┼────────────────┼─────────────────────────────────┤
│ Firestore      │ 127.0.0.1:8080 │ http://127.0.0.1:4000/firestore │
└────────────────┴────────────────┴─────────────────────────────────┘
  Emulator Hub running at 127.0.0.1:4400
  Other reserved ports: 4500, 9150

Issues? Report them at https://github.com/firebase/firebase-tools/issues and attach the *-debug.log files.
 
[debug] [2024-06-11T12:52:39.654Z] Jun 11, 2024 1:52:39 PM com.google.cloud.datastore.emulator.firestore.websocket.WebSocketChannelHandler initChannel
INFO: Connected to new websocket client
 {"metadata":{"emulator":{"name":"firestore"},"message":"Jun 11, 2024 1:52:39 PM com.google.cloud.datastore.emulator.firestore.websocket.WebSocketChannelHandler initChannel\nINFO: Connected to new websocket client\n"}}
[debug] [2024-06-11T12:52:58.364Z] Jun 11, 2024 1:52:58 PM io.gapi.emulators.netty.HttpVersionRoutingHandler channelRead
INFO: Detected non-HTTP/2 connection.
 {"metadata":{"emulator":{"name":"firestore"},"message":"Jun 11, 2024 1:52:58 PM io.gapi.emulators.netty.HttpVersionRoutingHandler channelRead\nINFO: Detected non-HTTP/2 connection.\n"}}
[debug] [2024-06-11T12:52:58.461Z] Jun 11, 2024 1:52:58 PM io.gapi.emulators.netty.HttpVersionRoutingHandler channelRead
INFO: Detected HTTP/2 connection.
 {"metadata":{"emulator":{"name":"firestore"},"message":"Jun 11, 2024 1:52:58 PM io.gapi.emulators.netty.HttpVersionRoutingHandler channelRead\nINFO: Detected HTTP/2 connection.\n"}}
[debug] [2024-06-11T12:53:08.739Z] Jun 11, 2024 1:53:08 PM io.gapi.emulators.netty.HttpVersionRoutingHandler channelRead
INFO: Detected non-HTTP/2 connection.
 {"metadata":{"emulator":{"name":"firestore"},"message":"Jun 11, 2024 1:53:08 PM io.gapi.emulators.netty.HttpVersionRoutingHandler channelRead\nINFO: Detected non-HTTP/2 connection.\n"}}
[debug] [2024-06-11T12:53:18.771Z] Jun 11, 2024 1:53:18 PM io.gapi.emulators.netty.HttpVersionRoutingHandler channelRead
INFO: Detected non-HTTP/2 connection.
 {"metadata":{"emulator":{"name":"firestore"},"message":"Jun 11, 2024 1:53:18 PM io.gapi.emulators.netty.HttpVersionRoutingHandler channelRead\nINFO: Detected non-HTTP/2 connection.\n"}}
[debug] [2024-06-11T12:53:28.808Z] Jun 11, 2024 1:53:28 PM io.gapi.emulators.netty.HttpVersionRoutingHandler channelRead
INFO: Detected non-HTTP/2 connection.
 {"metadata":{"emulator":{"name":"firestore"},"message":"Jun 11, 2024 1:53:28 PM io.gapi.emulators.netty.HttpVersionRoutingHandler channelRead\nINFO: Detected non-HTTP/2 connection.\n"}}
[debug] [2024-06-11T12:53:38.841Z] Jun 11, 2024 1:53:38 PM io.gapi.emulators.netty.HttpVersionRoutingHandler channelRead
INFO: Detected non-HTTP/2 connection.
 {"metadata":{"emulator":{"name":"firestore"},"message":"Jun 11, 2024 1:53:38 PM io.gapi.emulators.netty.HttpVersionRoutingHandler channelRead\nINFO: Detected non-HTTP/2 connection.\n"}}
[debug] [2024-06-11T12:53:48.505Z] Jun 11, 2024 1:53:48 PM io.gapi.emulators.netty.HttpVersionRoutingHandler channelRead
INFO: Detected non-HTTP/2 connection.
 {"metadata":{"emulator":{"name":"firestore"},"message":"Jun 11, 2024 1:53:48 PM io.gapi.emulators.netty.HttpVersionRoutingHandler channelRead\nINFO: Detected non-HTTP/2 connection.\n"}}
[debug] [2024-06-11T12:53:48.610Z] Jun 11, 2024 1:53:48 PM io.gapi.emulators.netty.HttpVersionRoutingHandler channelRead
INFO: Detected non-HTTP/2 connection.
 {"metadata":{"emulator":{"name":"firestore"},"message":"Jun 11, 2024 1:53:48 PM io.gapi.emulators.netty.HttpVersionRoutingHandler channelRead\nINFO: Detected non-HTTP/2 connection.\n"}}
[debug] [2024-06-11T12:53:48.616Z] Jun 11, 2024 1:53:48 PM io.gapi.emulators.netty.HttpVersionRoutingHandler channelRead
INFO: Detected non-HTTP/2 connection.
 {"metadata":{"emulator":{"name":"firestore"},"message":"Jun 11, 2024 1:53:48 PM io.gapi.emulators.netty.HttpVersionRoutingHandler channelRead\nINFO: Detected non-HTTP/2 connection.\n"}}
[debug] [2024-06-11T12:53:48.695Z] Jun 11, 2024 1:53:48 PM io.gapi.emulators.netty.HttpVersionRoutingHandler channelRead
INFO: Detected non-HTTP/2 connection.
 {"metadata":{"emulator":{"name":"firestore"},"message":"Jun 11, 2024 1:53:48 PM io.gapi.emulators.netty.HttpVersionRoutingHandler channelRead\nINFO: Detected non-HTTP/2 connection.\n"}}
[debug] [2024-06-11T12:53:48.753Z] Jun 11, 2024 1:53:48 PM io.gapi.emulators.netty.HttpVersionRoutingHandler channelRead
INFO: Detected non-HTTP/2 connection.
 {"metadata":{"emulator":{"name":"firestore"},"message":"Jun 11, 2024 1:53:48 PM io.gapi.emulators.netty.HttpVersionRoutingHandler channelRead\nINFO: Detected non-HTTP/2 connection.\n"}}
[debug] [2024-06-11T12:53:48.759Z] Jun 11, 2024 1:53:48 PM io.gapi.emulators.netty.HttpVersionRoutingHandler channelRead
INFO: Detected non-HTTP/2 connection.
 {"metadata":{"emulator":{"name":"firestore"},"message":"Jun 11, 2024 1:53:48 PM io.gapi.emulators.netty.HttpVersionRoutingHandler channelRead\nINFO: Detected non-HTTP/2 connection.\n"}}
[debug] [2024-06-11T12:53:48.796Z] Jun 11, 2024 1:53:48 PM io.gapi.emulators.netty.HttpVersionRoutingHandler channelRead
INFO: Detected non-HTTP/2 connection.
 {"metadata":{"emulator":{"name":"firestore"},"message":"Jun 11, 2024 1:53:48 PM io.gapi.emulators.netty.HttpVersionRoutingHandler channelRead\nINFO: Detected non-HTTP/2 connection.\n"}}
[debug] [2024-06-11T12:53:58.790Z] Jun 11, 2024 1:53:58 PM io.gapi.emulators.netty.HttpVersionRoutingHandler channelRead
INFO: Detected non-HTTP/2 connection.
 {"metadata":{"emulator":{"name":"firestore"},"message":"Jun 11, 2024 1:53:58 PM io.gapi.emulators.netty.HttpVersionRoutingHandler channelRead\nINFO: Detected non-HTTP/2 connection.\n"}}
[debug] [2024-06-11T12:54:04.651Z] Jun 11, 2024 1:54:04 PM io.gapi.emulators.netty.HttpVersionRoutingHandler channelRead
INFO: Detected non-HTTP/2 connection.
 {"metadata":{"emulator":{"name":"firestore"},"message":"Jun 11, 2024 1:54:04 PM io.gapi.emulators.netty.HttpVersionRoutingHandler channelRead\nINFO: Detected non-HTTP/2 connection.\n"}}
[debug] [2024-06-11T12:54:18.836Z] Jun 11, 2024 1:54:18 PM io.gapi.emulators.netty.HttpVersionRoutingHandler channelRead
INFO: Detected non-HTTP/2 connection.
 {"metadata":{"emulator":{"name":"firestore"},"message":"Jun 11, 2024 1:54:18 PM io.gapi.emulators.netty.HttpVersionRoutingHandler channelRead\nINFO: Detected non-HTTP/2 connection.\n"}}
[debug] [2024-06-11T12:54:19.322Z] Jun 11, 2024 1:54:19 PM io.gapi.emulators.netty.HttpVersionRoutingHandler channelRead
INFO: Detected non-HTTP/2 connection.
 {"metadata":{"emulator":{"name":"firestore"},"message":"Jun 11, 2024 1:54:19 PM io.gapi.emulators.netty.HttpVersionRoutingHandler channelRead\nINFO: Detected non-HTTP/2 connection.\n"}}
[debug] [2024-06-11T12:54:19.348Z] Jun 11, 2024 1:54:19 PM io.gapi.emulators.netty.HttpVersionRoutingHandler channelRead
INFO: Detected non-HTTP/2 connection.
 {"metadata":{"emulator":{"name":"firestore"},"message":"Jun 11, 2024 1:54:19 PM io.gapi.emulators.netty.HttpVersionRoutingHandler channelRead\nINFO: Detected non-HTTP/2 connection.\n"}}
[debug] [2024-06-11T12:54:19.364Z] Jun 11, 2024 1:54:19 PM io.gapi.emulators.netty.HttpVersionRoutingHandler channelRead
INFO: Detected non-HTTP/2 connection.
 {"metadata":{"emulator":{"name":"firestore"},"message":"Jun 11, 2024 1:54:19 PM io.gapi.emulators.netty.HttpVersionRoutingHandler channelRead\nINFO: Detected non-HTTP/2 connection.\n"}}
[debug] [2024-06-11T12:54:19.384Z] Jun 11, 2024 1:54:19 PM io.gapi.emulators.netty.HttpVersionRoutingHandler channelRead
INFO: Detected non-HTTP/2 connection.
 {"metadata":{"emulator":{"name":"firestore"},"message":"Jun 11, 2024 1:54:19 PM io.gapi.emulators.netty.HttpVersionRoutingHandler channelRead\nINFO: Detected non-HTTP/2 connection.\n"}}
[debug] [2024-06-11T12:54:28.922Z] Jun 11, 2024 1:54:28 PM io.gapi.emulators.netty.HttpVersionRoutingHandler channelRead
INFO: Detected non-HTTP/2 connection.
 {"metadata":{"emulator":{"name":"firestore"},"message":"Jun 11, 2024 1:54:28 PM io.gapi.emulators.netty.HttpVersionRoutingHandler channelRead\nINFO: Detected non-HTTP/2 connection.\n"}}
[debug] [2024-06-11T12:54:29.379Z] Jun 11, 2024 1:54:29 PM io.gapi.emulators.netty.HttpVersionRoutingHandler channelRead
INFO: Detected non-HTTP/2 connection.
 {"metadata":{"emulator":{"name":"firestore"},"message":"Jun 11, 2024 1:54:29 PM io.gapi.emulators.netty.HttpVersionRoutingHandler channelRead\nINFO: Detected non-HTTP/2 connection.\n"}}
[debug] [2024-06-11T12:54:49.359Z] Jun 11, 2024 1:54:49 PM io.gapi.emulators.netty.HttpVersionRoutingHandler channelRead
INFO: Detected non-HTTP/2 connection.
 {"metadata":{"emulator":{"name":"firestore"},"message":"Jun 11, 2024 1:54:49 PM io.gapi.emulators.netty.HttpVersionRoutingHandler channelRead\nINFO: Detected non-HTTP/2 connection.\n"}}
[debug] [2024-06-11T12:54:49.407Z] Jun 11, 2024 1:54:49 PM io.gapi.emulators.netty.HttpVersionRoutingHandler channelRead
INFO: Detected non-HTTP/2 connection.
 {"metadata":{"emulator":{"name":"firestore"},"message":"Jun 11, 2024 1:54:49 PM io.gapi.emulators.netty.HttpVersionRoutingHandler channelRead\nINFO: Detected non-HTTP/2 connection.\n"}}
[debug] [2024-06-11T12:54:52.908Z] Jun 11, 2024 1:54:52 PM io.gapi.emulators.netty.HttpVersionRoutingHandler channelRead
INFO: Detected non-HTTP/2 connection.
 {"metadata":{"emulator":{"name":"firestore"},"message":"Jun 11, 2024 1:54:52 PM io.gapi.emulators.netty.HttpVersionRoutingHandler channelRead\nINFO: Detected non-HTTP/2 connection.\n"}}
[debug] [2024-06-11T12:54:52.910Z] Jun 11, 2024 1:54:52 PM io.gapi.emulators.netty.HttpVersionRoutingHandler channelRead
INFO: Detected non-HTTP/2 connection.
Jun 11, 2024 1:54:52 PM io.gapi.emulators.netty.HttpVersionRoutingHandler channelRead
INFO: Detected non-HTTP/2 connection.
 {"metadata":{"emulator":{"name":"firestore"},"message":"Jun 11, 2024 1:54:52 PM io.gapi.emulators.netty.HttpVersionRoutingHandler channelRead\nINFO: Detected non-HTTP/2 connection.\nJun 11, 2024 1:54:52 PM io.gapi.emulators.netty.HttpVersionRoutingHandler channelRead\nINFO: Detected non-HTTP/2 connection.\n"}}
[debug] [2024-06-11T12:55:00.398Z] Jun 11, 2024 1:55:00 PM io.gapi.emulators.netty.HttpVersionRoutingHandler channelRead
INFO: Detected non-HTTP/2 connection.
 {"metadata":{"emulator":{"name":"firestore"},"message":"Jun 11, 2024 1:55:00 PM io.gapi.emulators.netty.HttpVersionRoutingHandler channelRead\nINFO: Detected non-HTTP/2 connection.\n"}}
[debug] [2024-06-11T12:55:00.398Z] Jun 11, 2024 1:55:00 PM io.gapi.emulators.netty.HttpVersionRoutingHandler channelRead
INFO: Detected non-HTTP/2 connection.
 {"metadata":{"emulator":{"name":"firestore"},"message":"Jun 11, 2024 1:55:00 PM io.gapi.emulators.netty.HttpVersionRoutingHandler channelRead\nINFO: Detected non-HTTP/2 connection.\n"}}
[debug] [2024-06-11T12:55:00.399Z] Jun 11, 2024 1:55:00 PM io.gapi.emulators.netty.HttpVersionRoutingHandler channelRead
INFO: Detected non-HTTP/2 connection.
 {"metadata":{"emulator":{"name":"firestore"},"message":"Jun 11, 2024 1:55:00 PM io.gapi.emulators.netty.HttpVersionRoutingHandler channelRead\nINFO: Detected non-HTTP/2 connection.\n"}}
[debug] [2024-06-11T12:55:10.422Z] Jun 11, 2024 1:55:10 PM io.gapi.emulators.netty.HttpVersionRoutingHandler channelRead
INFO: Detected non-HTTP/2 connection.
 {"metadata":{"emulator":{"name":"firestore"},"message":"Jun 11, 2024 1:55:10 PM io.gapi.emulators.netty.HttpVersionRoutingHandler channelRead\nINFO: Detected non-HTTP/2 connection.\n"}}
[debug] [2024-06-11T12:55:10.423Z] Jun 11, 2024 1:55:10 PM io.gapi.emulators.netty.HttpVersionRoutingHandler channelRead
INFO: Detected non-HTTP/2 connection.
Jun 11, 2024 1:55:10 PM io.gapi.emulators.netty.HttpVersionRoutingHandler channelRead
INFO: Detected non-HTTP/2 connection.
 {"metadata":{"emulator":{"name":"firestore"},"message":"Jun 11, 2024 1:55:10 PM io.gapi.emulators.netty.HttpVersionRoutingHandler channelRead\nINFO: Detected non-HTTP/2 connection.\nJun 11, 2024 1:55:10 PM io.gapi.emulators.netty.HttpVersionRoutingHandler channelRead\nINFO: Detected non-HTTP/2 connection.\n"}}
[debug] [2024-06-11T12:55:19.350Z] Jun 11, 2024 1:55:19 PM io.gapi.emulators.netty.HttpVersionRoutingHandler channelRead
INFO: Detected non-HTTP/2 connection.
 {"metadata":{"emulator":{"name":"firestore"},"message":"Jun 11, 2024 1:55:19 PM io.gapi.emulators.netty.HttpVersionRoutingHandler channelRead\nINFO: Detected non-HTTP/2 connection.\n"}}
[debug] [2024-06-11T12:55:19.354Z] Jun 11, 2024 1:55:19 PM com.google.cloud.datastore.emulator.firestore.webchannel.FirestoreV1WebChannelAdapter$FirestoreWriteHandler onClose
INFO: channel closed
 {"metadata":{"emulator":{"name":"firestore"},"message":"Jun 11, 2024 1:55:19 PM com.google.cloud.datastore.emulator.firestore.webchannel.FirestoreV1WebChannelAdapter$FirestoreWriteHandler onClose\nINFO: channel closed\n"}}
[debug] [2024-06-11T12:55:20.444Z] Jun 11, 2024 1:55:20 PM io.gapi.emulators.netty.HttpVersionRoutingHandler channelRead
INFO: Detected non-HTTP/2 connection.
 {"metadata":{"emulator":{"name":"firestore"},"message":"Jun 11, 2024 1:55:20 PM io.gapi.emulators.netty.HttpVersionRoutingHandler channelRead\nINFO: Detected non-HTTP/2 connection.\n"}}
[debug] [2024-06-11T12:55:20.444Z] Jun 11, 2024 1:55:20 PM io.gapi.emulators.netty.HttpVersionRoutingHandler channelRead
INFO: Detected non-HTTP/2 connection.
Jun 11, 2024 1:55:20 PM io.gapi.emulators.netty.HttpVersionRoutingHandler channelRead
INFO: Detected non-HTTP/2 connection.
 {"metadata":{"emulator":{"name":"firestore"},"message":"Jun 11, 2024 1:55:20 PM io.gapi.emulators.netty.HttpVersionRoutingHandler channelRead\nINFO: Detected non-HTTP/2 connection.\nJun 11, 2024 1:55:20 PM io.gapi.emulators.netty.HttpVersionRoutingHandler channelRead\nINFO: Detected non-HTTP/2 connection.\n"}}
[debug] [2024-06-11T12:55:30.464Z] Jun 11, 2024 1:55:30 PM io.gapi.emulators.netty.HttpVersionRoutingHandler channelRead
INFO: Detected non-HTTP/2 connection.
 {"metadata":{"emulator":{"name":"firestore"},"message":"Jun 11, 2024 1:55:30 PM io.gapi.emulators.netty.HttpVersionRoutingHandler channelRead\nINFO: Detected non-HTTP/2 connection.\n"}}
[debug] [2024-06-11T12:55:30.465Z] Jun 11, 2024 1:55:30 PM io.gapi.emulators.netty.HttpVersionRoutingHandler channelRead
INFO: Detected non-HTTP/2 connection.
Jun 11, 2024 1:55:30 PM io.gapi.emulators.netty.HttpVersionRoutingHandler channelRead
INFO: Detected non-HTTP/2 connection.
 {"metadata":{"emulator":{"name":"firestore"},"message":"Jun 11, 2024 1:55:30 PM io.gapi.emulators.netty.HttpVersionRoutingHandler channelRead\nINFO: Detected non-HTTP/2 connection.\nJun 11, 2024 1:55:30 PM io.gapi.emulators.netty.HttpVersionRoutingHandler channelRead\nINFO: Detected non-HTTP/2 connection.\n"}}
[debug] [2024-06-11T12:55:40.493Z] Jun 11, 2024 1:55:40 PM io.gapi.emulators.netty.HttpVersionRoutingHandler channelRead
INFO: Detected non-HTTP/2 connection.
 {"metadata":{"emulator":{"name":"firestore"},"message":"Jun 11, 2024 1:55:40 PM io.gapi.emulators.netty.HttpVersionRoutingHandler channelRead\nINFO: Detected non-HTTP/2 connection.\n"}}
[debug] [2024-06-11T12:55:40.493Z] Jun 11, 2024 1:55:40 PM io.gapi.emulators.netty.HttpVersionRoutingHandler channelRead
INFO: Detected non-HTTP/2 connection.
Jun 11, 2024 1:55:40 PM io.gapi.emulators.netty.HttpVersionRoutingHandler channelRead
INFO: Detected non-HTTP/2 connection.
 {"metadata":{"emulator":{"name":"firestore"},"message":"Jun 11, 2024 1:55:40 PM io.gapi.emulators.netty.HttpVersionRoutingHandler channelRead\nINFO: Detected non-HTTP/2 connection.\nJun 11, 2024 1:55:40 PM io.gapi.emulators.netty.HttpVersionRoutingHandler channelRead\nINFO: Detected non-HTTP/2 connection.\n"}}
[debug] [2024-06-11T12:55:44.970Z] Jun 11, 2024 1:55:44 PM io.gapi.emulators.netty.HttpVersionRoutingHandler channelRead
INFO: Detected non-HTTP/2 connection.
 {"metadata":{"emulator":{"name":"firestore"},"message":"Jun 11, 2024 1:55:44 PM io.gapi.emulators.netty.HttpVersionRoutingHandler channelRead\nINFO: Detected non-HTTP/2 connection.\n"}}
[debug] [2024-06-11T12:55:44.973Z] Jun 11, 2024 1:55:44 PM io.gapi.emulators.netty.HttpVersionRoutingHandler channelRead
INFO: Detected non-HTTP/2 connection.
 {"metadata":{"emulator":{"name":"firestore"},"message":"Jun 11, 2024 1:55:44 PM io.gapi.emulators.netty.HttpVersionRoutingHandler channelRead\nINFO: Detected non-HTTP/2 connection.\n"}}
[debug] [2024-06-11T12:55:44.974Z] Jun 11, 2024 1:55:44 PM io.gapi.emulators.netty.HttpVersionRoutingHandler channelRead
INFO: Detected non-HTTP/2 connection.
 {"metadata":{"emulator":{"name":"firestore"},"message":"Jun 11, 2024 1:55:44 PM io.gapi.emulators.netty.HttpVersionRoutingHandler channelRead\nINFO: Detected non-HTTP/2 connection.\n"}}
[debug] [2024-06-11T12:55:49.441Z] Jun 11, 2024 1:55:49 PM io.gapi.emulators.netty.HttpVersionRoutingHandler channelRead
INFO: Detected non-HTTP/2 connection.
 {"metadata":{"emulator":{"name":"firestore"},"message":"Jun 11, 2024 1:55:49 PM io.gapi.emulators.netty.HttpVersionRoutingHandler channelRead\nINFO: Detected non-HTTP/2 connection.\n"}}
[debug] [2024-06-11T12:55:50.513Z] Jun 11, 2024 1:55:50 PM io.gapi.emulators.netty.HttpVersionRoutingHandler channelRead
INFO: Detected non-HTTP/2 connection.
 {"metadata":{"emulator":{"name":"firestore"},"message":"Jun 11, 2024 1:55:50 PM io.gapi.emulators.netty.HttpVersionRoutingHandler channelRead\nINFO: Detected non-HTTP/2 connection.\n"}}
[debug] [2024-06-11T12:55:50.514Z] Jun 11, 2024 1:55:50 PM io.gapi.emulators.netty.HttpVersionRoutingHandler channelRead
INFO: Detected non-HTTP/2 connection.
Jun 11, 2024 1:55:50 PM io.gapi.emulators.netty.HttpVersionRoutingHandler channelRead
INFO: Detected non-HTTP/2 connection.
 {"metadata":{"emulator":{"name":"firestore"},"message":"Jun 11, 2024 1:55:50 PM io.gapi.emulators.netty.HttpVersionRoutingHandler channelRead\nINFO: Detected non-HTTP/2 connection.\nJun 11, 2024 1:55:50 PM io.gapi.emulators.netty.HttpVersionRoutingHandler channelRead\nINFO: Detected non-HTTP/2 connection.\n"}}
[debug] [2024-06-11T12:56:00.541Z] Jun 11, 2024 1:56:00 PM io.gapi.emulators.netty.HttpVersionRoutingHandler channelRead
INFO: Detected non-HTTP/2 connection.
 {"metadata":{"emulator":{"name":"firestore"},"message":"Jun 11, 2024 1:56:00 PM io.gapi.emulators.netty.HttpVersionRoutingHandler channelRead\nINFO: Detected non-HTTP/2 connection.\n"}}
[debug] [2024-06-11T12:56:00.542Z] Jun 11, 2024 1:56:00 PM io.gapi.emulators.netty.HttpVersionRoutingHandler channelRead
INFO: Detected non-HTTP/2 connection.
Jun 11, 2024 1:56:00 PM io.gapi.emulators.netty.HttpVersionRoutingHandler channelRead
INFO: Detected non-HTTP/2 connection.
 {"metadata":{"emulator":{"name":"firestore"},"message":"Jun 11, 2024 1:56:00 PM io.gapi.emulators.netty.HttpVersionRoutingHandler channelRead\nINFO: Detected non-HTTP/2 connection.\nJun 11, 2024 1:56:00 PM io.gapi.emulators.netty.HttpVersionRoutingHandler channelRead\nINFO: Detected non-HTTP/2 connection.\n"}}
[debug] [2024-06-11T12:56:10.566Z] Jun 11, 2024 1:56:10 PM io.gapi.emulators.netty.HttpVersionRoutingHandler channelRead
INFO: Detected non-HTTP/2 connection.
 {"metadata":{"emulator":{"name":"firestore"},"message":"Jun 11, 2024 1:56:10 PM io.gapi.emulators.netty.HttpVersionRoutingHandler channelRead\nINFO: Detected non-HTTP/2 connection.\n"}}
[debug] [2024-06-11T12:56:10.567Z] Jun 11, 2024 1:56:10 PM io.gapi.emulators.netty.HttpVersionRoutingHandler channelRead
INFO: Detected non-HTTP/2 connection.
Jun 11, 2024 1:56:10 PM io.gapi.emulators.netty.HttpVersionRoutingHandler channelRead
INFO: Detected non-HTTP/2 connection.
 {"metadata":{"emulator":{"name":"firestore"},"message":"Jun 11, 2024 1:56:10 PM io.gapi.emulators.netty.HttpVersionRoutingHandler channelRead\nINFO: Detected non-HTTP/2 connection.\nJun 11, 2024 1:56:10 PM io.gapi.emulators.netty.HttpVersionRoutingHandler channelRead\nINFO: Detected non-HTTP/2 connection.\n"}}
[debug] [2024-06-11T12:56:20.593Z] Jun 11, 2024 1:56:20 PM io.gapi.emulators.netty.HttpVersionRoutingHandler channelRead
INFO: Detected non-HTTP/2 connection.
 {"metadata":{"emulator":{"name":"firestore"},"message":"Jun 11, 2024 1:56:20 PM io.gapi.emulators.netty.HttpVersionRoutingHandler channelRead\nINFO: Detected non-HTTP/2 connection.\n"}}
[debug] [2024-06-11T12:56:20.594Z] Jun 11, 2024 1:56:20 PM io.gapi.emulators.netty.HttpVersionRoutingHandler channelRead
INFO: Detected non-HTTP/2 connection.
Jun 11, 2024 1:56:20 PM io.gapi.emulators.netty.HttpVersionRoutingHandler channelRead
INFO: Detected non-HTTP/2 connection.
 {"metadata":{"emulator":{"name":"firestore"},"message":"Jun 11, 2024 1:56:20 PM io.gapi.emulators.netty.HttpVersionRoutingHandler channelRead\nINFO: Detected non-HTTP/2 connection.\nJun 11, 2024 1:56:20 PM io.gapi.emulators.netty.HttpVersionRoutingHandler channelRead\nINFO: Detected non-HTTP/2 connection.\n"}}
[debug] [2024-06-11T12:56:30.643Z] Jun 11, 2024 1:56:30 PM io.gapi.emulators.netty.HttpVersionRoutingHandler channelRead
INFO: Detected non-HTTP/2 connection.
 {"metadata":{"emulator":{"name":"firestore"},"message":"Jun 11, 2024 1:56:30 PM io.gapi.emulators.netty.HttpVersionRoutingHandler channelRead\nINFO: Detected non-HTTP/2 connection.\n"}}
[debug] [2024-06-11T12:56:30.643Z] Jun 11, 2024 1:56:30 PM io.gapi.emulators.netty.HttpVersionRoutingHandler channelRead
INFO: Detected non-HTTP/2 connection.
Jun 11, 2024 1:56:30 PM io.gapi.emulators.netty.HttpVersionRoutingHandler channelRead
INFO: Detected non-HTTP/2 connection.
 {"metadata":{"emulator":{"name":"firestore"},"message":"Jun 11, 2024 1:56:30 PM io.gapi.emulators.netty.HttpVersionRoutingHandler channelRead\nINFO: Detected non-HTTP/2 connection.\nJun 11, 2024 1:56:30 PM io.gapi.emulators.netty.HttpVersionRoutingHandler channelRead\nINFO: Detected non-HTTP/2 connection.\n"}}
[debug] [2024-06-11T12:56:36.500Z] Jun 11, 2024 1:56:36 PM io.gapi.emulators.netty.HttpVersionRoutingHandler channelRead
INFO: Detected non-HTTP/2 connection.
 {"metadata":{"emulator":{"name":"firestore"},"message":"Jun 11, 2024 1:56:36 PM io.gapi.emulators.netty.HttpVersionRoutingHandler channelRead\nINFO: Detected non-HTTP/2 connection.\n"}}
[debug] [2024-06-11T12:56:36.513Z] Jun 11, 2024 1:56:36 PM io.gapi.emulators.netty.HttpVersionRoutingHandler channelRead
INFO: Detected non-HTTP/2 connection.
 {"metadata":{"emulator":{"name":"firestore"},"message":"Jun 11, 2024 1:56:36 PM io.gapi.emulators.netty.HttpVersionRoutingHandler channelRead\nINFO: Detected non-HTTP/2 connection.\n"}}
[debug] [2024-06-11T12:56:36.521Z] Jun 11, 2024 1:56:36 PM io.gapi.emulators.netty.HttpVersionRoutingHandler channelRead
INFO: Detected non-HTTP/2 connection.
 {"metadata":{"emulator":{"name":"firestore"},"message":"Jun 11, 2024 1:56:36 PM io.gapi.emulators.netty.HttpVersionRoutingHandler channelRead\nINFO: Detected non-HTTP/2 connection.\n"}}
[debug] [2024-06-11T12:56:36.553Z] Jun 11, 2024 1:56:36 PM io.gapi.emulators.netty.HttpVersionRoutingHandler channelRead
INFO: Detected non-HTTP/2 connection.
 {"metadata":{"emulator":{"name":"firestore"},"message":"Jun 11, 2024 1:56:36 PM io.gapi.emulators.netty.HttpVersionRoutingHandler channelRead\nINFO: Detected non-HTTP/2 connection.\n"}}
[debug] [2024-06-11T12:56:36.578Z] Jun 11, 2024 1:56:36 PM io.gapi.emulators.netty.HttpVersionRoutingHandler channelRead
INFO: Detected non-HTTP/2 connection.
 {"metadata":{"emulator":{"name":"firestore"},"message":"Jun 11, 2024 1:56:36 PM io.gapi.emulators.netty.HttpVersionRoutingHandler channelRead\nINFO: Detected non-HTTP/2 connection.\n"}}
[debug] [2024-06-11T12:56:36.588Z] Jun 11, 2024 1:56:36 PM io.gapi.emulators.netty.HttpVersionRoutingHandler channelRead
INFO: Detected non-HTTP/2 connection.
 {"metadata":{"emulator":{"name":"firestore"},"message":"Jun 11, 2024 1:56:36 PM io.gapi.emulators.netty.HttpVersionRoutingHandler channelRead\nINFO: Detected non-HTTP/2 connection.\n"}}
[debug] [2024-06-11T12:56:36.612Z] Jun 11, 2024 1:56:36 PM io.gapi.emulators.netty.HttpVersionRoutingHandler channelRead
INFO: Detected non-HTTP/2 connection.
 {"metadata":{"emulator":{"name":"firestore"},"message":"Jun 11, 2024 1:56:36 PM io.gapi.emulators.netty.HttpVersionRoutingHandler channelRead\nINFO: Detected non-HTTP/2 connection.\n"}}
[debug] [2024-06-11T12:56:40.666Z] Jun 11, 2024 1:56:40 PM io.gapi.emulators.netty.HttpVersionRoutingHandler channelRead
INFO: Detected non-HTTP/2 connection.
 {"metadata":{"emulator":{"name":"firestore"},"message":"Jun 11, 2024 1:56:40 PM io.gapi.emulators.netty.HttpVersionRoutingHandler channelRead\nINFO: Detected non-HTTP/2 connection.\n"}}
[debug] [2024-06-11T12:56:45.774Z] Jun 11, 2024 1:56:45 PM io.gapi.emulators.netty.HttpVersionRoutingHandler channelRead
INFO: Detected non-HTTP/2 connection.
 {"metadata":{"emulator":{"name":"firestore"},"message":"Jun 11, 2024 1:56:45 PM io.gapi.emulators.netty.HttpVersionRoutingHandler channelRead\nINFO: Detected non-HTTP/2 connection.\n"}}
[debug] [2024-06-11T12:56:45.775Z] Jun 11, 2024 1:56:45 PM io.gapi.emulators.netty.HttpVersionRoutingHandler channelRead
INFO: Detected non-HTTP/2 connection.
 {"metadata":{"emulator":{"name":"firestore"},"message":"Jun 11, 2024 1:56:45 PM io.gapi.emulators.netty.HttpVersionRoutingHandler channelRead\nINFO: Detected non-HTTP/2 connection.\n"}}
[debug] [2024-06-11T12:56:45.778Z] Jun 11, 2024 1:56:45 PM com.google.cloud.datastore.emulator.firestore.webchannel.FirestoreV1WebChannelAdapter$FirestoreListenHandler onClose
INFO: channel closed
 {"metadata":{"emulator":{"name":"firestore"},"message":"Jun 11, 2024 1:56:45 PM com.google.cloud.datastore.emulator.firestore.webchannel.FirestoreV1WebChannelAdapter$FirestoreListenHandler onClose\nINFO: channel closed\n"}}
[debug] [2024-06-11T12:56:45.780Z] Jun 11, 2024 1:56:45 PM com.google.cloud.datastore.emulator.firestore.webchannel.FirestoreV1WebChannelAdapter$FirestoreWriteHandler onClose
INFO: channel closed
 {"metadata":{"emulator":{"name":"firestore"},"message":"Jun 11, 2024 1:56:45 PM com.google.cloud.datastore.emulator.firestore.webchannel.FirestoreV1WebChannelAdapter$FirestoreWriteHandler onClose\nINFO: channel closed\n"}}
[info] i  firestore: Change detected, updating rules... 
[debug] [2024-06-11T13:08:17.130Z] >>> [apiv2][query] PUT http://127.0.0.1:8080/emulator/v1/projects/new-branda:securityRules [none]
[debug] [2024-06-11T13:08:17.131Z] >>> [apiv2][body] PUT http://127.0.0.1:8080/emulator/v1/projects/new-branda:securityRules {"ignore_errors":true,"rules":{"files":[{"name":"security.rules","content":"rules_version = '2';\n\nservice cloud.firestore {\n  match /databases/{database} {\n    match /documents {\n      match /users/{userId} {\n        allow read, write: if request.auth.uid == userId;\n        match /bookmarks {\n          allow read, write: if request.auth.uid == userId;\n        }\n      }\n    }\n  }\n}"}]}}
[debug] [2024-06-11T13:08:17.159Z] Jun 11, 2024 2:08:17 PM io.gapi.emulators.netty.HttpVersionRoutingHandler channelRead
INFO: Detected non-HTTP/2 connection.
 {"metadata":{"emulator":{"name":"firestore"},"message":"Jun 11, 2024 2:08:17 PM io.gapi.emulators.netty.HttpVersionRoutingHandler channelRead\nINFO: Detected non-HTTP/2 connection.\n"}}
[debug] [2024-06-11T13:08:17.199Z] <<< [apiv2][status] PUT http://127.0.0.1:8080/emulator/v1/projects/new-branda:securityRules 200
[debug] [2024-06-11T13:08:17.199Z] <<< [apiv2][body] PUT http://127.0.0.1:8080/emulator/v1/projects/new-branda:securityRules {}
[info] ✔  firestore: Rules updated. 
